Determining if the pthread_create exist failed with the following output:
Change Dir: /home/wadson/gr-floripasat/grc/CMakeFiles/CMakeTmp

Run Build Command:"/usr/bin/make" "cmTC_e36f5/fast"
/usr/bin/make -f CMakeFiles/cmTC_e36f5.dir/build.make CMakeFiles/cmTC_e36f5.dir/build
make[1]: Entering directory '/home/wadson/gr-floripasat/grc/CMakeFiles/CMakeTmp'
Building C object CMakeFiles/cmTC_e36f5.dir/CheckSymbolExists.c.o
/usr/bin/cc   -std=gnu11 -o CMakeFiles/cmTC_e36f5.dir/CheckSymbolExists.c.o   -c /home/wadson/gr-floripasat/grc/CMakeFiles/CMakeTmp/CheckSymbolExists.c
Linking C executable cmTC_e36f5
/usr/bin/cmake -E cmake_link_script CMakeFiles/cmTC_e36f5.dir/link.txt --verbose=1
/usr/bin/cc      CMakeFiles/cmTC_e36f5.dir/CheckSymbolExists.c.o  -o cmTC_e36f5 
CMakeFiles/cmTC_e36f5.dir/CheckSymbolExists.c.o: Na função "main":
CheckSymbolExists.c:(.text+0x1b): referência não definida para "pthread_create"
collect2: error: ld returned 1 exit status
CMakeFiles/cmTC_e36f5.dir/build.make:97: recipe for target 'cmTC_e36f5' failed
make[1]: *** [cmTC_e36f5] Error 1
make[1]: Leaving directory '/home/wadson/gr-floripasat/grc/CMakeFiles/CMakeTmp'
Makefile:126: recipe for target 'cmTC_e36f5/fast' failed
make: *** [cmTC_e36f5/fast] Error 2

File /home/wadson/gr-floripasat/grc/CMakeFiles/CMakeTmp/CheckSymbolExists.c:
/* */
#include <pthread.h>

int main(int argc, char** argv)
{
  (void)argv;
#ifndef pthread_create
  return ((int*)(&pthread_create))[argc];
#else
  (void)argc;
  return 0;
#endif
}

Determining if the function pthread_create exists in the pthreads failed with the following output:
Change Dir: /home/wadson/gr-floripasat/grc/CMakeFiles/CMakeTmp

Run Build Command:"/usr/bin/make" "cmTC_61765/fast"
/usr/bin/make -f CMakeFiles/cmTC_61765.dir/build.make CMakeFiles/cmTC_61765.dir/build
make[1]: Entering directory '/home/wadson/gr-floripasat/grc/CMakeFiles/CMakeTmp'
Building C object CMakeFiles/cmTC_61765.dir/CheckFunctionExists.c.o
/usr/bin/cc   -DCHECK_FUNCTION_EXISTS=pthread_create   -std=gnu11 -o CMakeFiles/cmTC_61765.dir/CheckFunctionExists.c.o   -c /usr/share/cmake-3.10/Modules/CheckFunctionExists.c
Linking C executable cmTC_61765
/usr/bin/cmake -E cmake_link_script CMakeFiles/cmTC_61765.dir/link.txt --verbose=1
/usr/bin/cc  -DCHECK_FUNCTION_EXISTS=pthread_create    CMakeFiles/cmTC_61765.dir/CheckFunctionExists.c.o  -o cmTC_61765 -lpthreads 
/usr/bin/ld: não foi possível localizar -lpthreads
collect2: error: ld returned 1 exit status
CMakeFiles/cmTC_61765.dir/build.make:97: recipe for target 'cmTC_61765' failed
make[1]: *** [cmTC_61765] Error 1
make[1]: Leaving directory '/home/wadson/gr-floripasat/grc/CMakeFiles/CMakeTmp'
Makefile:126: recipe for target 'cmTC_61765/fast' failed
make: *** [cmTC_61765/fast] Error 2


