Determining if the pthread_create exist failed with the following output:
Change Dir: /home/wadson/gr-INPE/build/CMakeFiles/CMakeTmp

Run Build Command:"/usr/bin/make" "cmTC_71f35/fast"
/usr/bin/make -f CMakeFiles/cmTC_71f35.dir/build.make CMakeFiles/cmTC_71f35.dir/build
make[1]: Entering directory '/home/wadson/gr-INPE/build/CMakeFiles/CMakeTmp'
Building C object CMakeFiles/cmTC_71f35.dir/CheckSymbolExists.c.o
/usr/bin/cc   -std=gnu11 -o CMakeFiles/cmTC_71f35.dir/CheckSymbolExists.c.o   -c /home/wadson/gr-INPE/build/CMakeFiles/CMakeTmp/CheckSymbolExists.c
Linking C executable cmTC_71f35
/usr/bin/cmake -E cmake_link_script CMakeFiles/cmTC_71f35.dir/link.txt --verbose=1
/usr/bin/cc      CMakeFiles/cmTC_71f35.dir/CheckSymbolExists.c.o  -o cmTC_71f35 
CMakeFiles/cmTC_71f35.dir/CheckSymbolExists.c.o: Na função "main":
CheckSymbolExists.c:(.text+0x1b): referência não definida para "pthread_create"
collect2: error: ld returned 1 exit status
CMakeFiles/cmTC_71f35.dir/build.make:97: recipe for target 'cmTC_71f35' failed
make[1]: *** [cmTC_71f35] Error 1
make[1]: Leaving directory '/home/wadson/gr-INPE/build/CMakeFiles/CMakeTmp'
Makefile:126: recipe for target 'cmTC_71f35/fast' failed
make: *** [cmTC_71f35/fast] Error 2

File /home/wadson/gr-INPE/build/CMakeFiles/CMakeTmp/CheckSymbolExists.c:
/* */
#include <pthread.h>

int main(int argc, char** argv)
{
  (void)argv;
#ifndef pthread_create
  return ((int*)(&pthread_create))[argc];
#else
  (void)argc;
  return 0;
#endif
}

Determining if the function pthread_create exists in the pthreads failed with the following output:
Change Dir: /home/wadson/gr-INPE/build/CMakeFiles/CMakeTmp

Run Build Command:"/usr/bin/make" "cmTC_56cbe/fast"
/usr/bin/make -f CMakeFiles/cmTC_56cbe.dir/build.make CMakeFiles/cmTC_56cbe.dir/build
make[1]: Entering directory '/home/wadson/gr-INPE/build/CMakeFiles/CMakeTmp'
Building C object CMakeFiles/cmTC_56cbe.dir/CheckFunctionExists.c.o
/usr/bin/cc   -DCHECK_FUNCTION_EXISTS=pthread_create   -std=gnu11 -o CMakeFiles/cmTC_56cbe.dir/CheckFunctionExists.c.o   -c /usr/share/cmake-3.10/Modules/CheckFunctionExists.c
Linking C executable cmTC_56cbe
/usr/bin/cmake -E cmake_link_script CMakeFiles/cmTC_56cbe.dir/link.txt --verbose=1
/usr/bin/cc  -DCHECK_FUNCTION_EXISTS=pthread_create    CMakeFiles/cmTC_56cbe.dir/CheckFunctionExists.c.o  -o cmTC_56cbe -lpthreads 
/usr/bin/ld: não foi possível localizar -lpthreads
collect2: error: ld returned 1 exit status
CMakeFiles/cmTC_56cbe.dir/build.make:97: recipe for target 'cmTC_56cbe' failed
make[1]: *** [cmTC_56cbe] Error 1
make[1]: Leaving directory '/home/wadson/gr-INPE/build/CMakeFiles/CMakeTmp'
Makefile:126: recipe for target 'cmTC_56cbe/fast' failed
make: *** [cmTC_56cbe/fast] Error 2


